Using pre-set license
Built from '2020.3/release' branch; Version is '2020.3.12f1 (b3b2c6512326) revision 11776710'; Using compiler version '192528614'; Build Type 'Release'
OS: 'Windows 10 Pro; OS build 19043.985; Version 2009; 64bit' Language: 'es' Physical Memory: 12253 MB
BatchMode: 1, IsHumanControllingUs: 0, StartBugReporterOnCrash: 0, Is64bit: 1, IsPro: 0

 COMMAND LINE ARGUMENTS:
C:\Program Files\Unity\Hub\Editor\2020.3.12f1\Editor\Unity.exe
-adb2
-batchMode
-noUpm
-name
AssetImportWorker0
-projectPath
C:/Users/LAB0112/Documents/GitHub/TheLuckyf
-logFile
Logs/AssetImportWorker0.log
-srvPort
49976
Successfully changed project path to: C:/Users/LAB0112/Documents/GitHub/TheLuckyf
C:/Users/LAB0112/Documents/GitHub/TheLuckyf
Using Asset Import Pipeline V2.
Refreshing native plugins compatible for Editor in 73.77 ms, found 2 plugins.
Preloading 0 native plugins for Editor in 0.00 ms.
Initialize engine version: 2020.3.12f1 (b3b2c6512326)
[Subsystems] Discovering subsystems at path C:/Program Files/Unity/Hub/Editor/2020.3.12f1/Editor/Data/Resources/UnitySubsystems
[Subsystems] Discovering subsystems at path C:/Users/LAB0112/Documents/GitHub/TheLuckyf/Assets
GfxDevice: creating device client; threaded=0
Direct3D:
    Version:  Direct3D 11.0 [level 11.0]
    Renderer: NVIDIA Quadro K600 (ID=0xffa)
    Vendor:   
    VRAM:     996 MB
    Driver:   23.21.13.8816
Shader 'Universal Render Pipeline/Particles/Lit': fallback shader 'Universal Render Pipeline/Particles/SimpleLit' not found
Initialize mono
Mono path[0] = 'C:/Program Files/Unity/Hub/Editor/2020.3.12f1/Editor/Data/Managed'
Mono path[1] = 'C:/Program Files/Unity/Hub/Editor/2020.3.12f1/Editor/Data/MonoBleedingEdge/lib/mono/unityjit'
Mono config path = 'C:/Program Files/Unity/Hub/Editor/2020.3.12f1/Editor/Data/MonoBleedingEdge/etc'
Using monoOptions --debugger-agent=transport=dt_socket,embedding=1,server=y,suspend=n,address=127.0.0.1:56960
Begin MonoManager ReloadAssembly
Registering precompiled unity dll's ...
Register platform support module: C:/Program Files/Unity/Hub/Editor/2020.3.12f1/Editor/Data/PlaybackEngines/WindowsStandaloneSupport/UnityEditor.WindowsStandalone.Extensions.dll
Registered in 0.003813 seconds.
Native extension for WindowsStandalone target not found
Refreshing native plugins compatible for Editor in 68.65 ms, found 2 plugins.
Preloading 0 native plugins for Editor in 0.00 ms.
Mono: successfully reloaded assembly
- Completed reload, in  2.122 seconds
Platform modules already initialized, skipping
Registering precompiled user dll's ...
Registered in 0.008701 seconds.
Begin MonoManager ReloadAssembly
Native extension for WindowsStandalone target not found
Refreshing native plugins compatible for Editor in 63.99 ms, found 2 plugins.
Preloading 0 native plugins for Editor in 0.00 ms.
Mono: successfully reloaded assembly
- Completed reload, in  1.471 seconds
Platform modules already initialized, skipping
========================================================================
Worker process is ready to serve import requests
Shader 'Universal Render Pipeline/Particles/Lit': fallback shader 'Universal Render Pipeline/Particles/SimpleLit' not found
Launched and connected shader compiler UnityShaderCompiler.exe after 0.05 seconds
Refreshing native plugins compatible for Editor in 1.02 ms, found 2 plugins.
Preloading 0 native plugins for Editor in 0.00 ms.
Unloading 2712 Unused Serialized files (Serialized files now loaded: 0)
System memory in use before: 124.5 MB.
System memory in use after: 124.7 MB.

Unloading 19 unused Assets to reduce memory usage. Loaded Objects now: 3146.
Total: 2.768600 ms (FindLiveObjects: 0.313900 ms CreateObjectMapping: 0.167500 ms MarkObjects: 2.199200 ms  DeleteObjects: 0.086300 ms)

AssetImportParameters requested are different than current active one (requested -> active):
  custom:framework-win-MediaFoundation: 216162199b28c13a410421893ffa2e32 -> 
  custom:video-decoder-ogg-theora: a1e56fd34408186e4bbccfd4996cb3dc -> 
  custom:container-muxer-webm: aa71ff27fc2769a1b78a27578f13a17b -> 
  custom:container-demuxer-webm: 4f35f7cbe854078d1ac9338744f61a02 -> 
  custom:container-demuxer-ogg: 62fdf1f143b41e24485cea50d1cbac27 -> 
  custom:video-encoder-webm-vp8: eb34c28f22e8b96e1ab97ce403110664 -> 
  custom:video-decoder-webm-vp8: 9c59270c3fd7afecdb556c50c9e8de78 -> 
  custom:audio-decoder-ogg-vorbis: bf7c407c2cedff20999df2af8eb42d56 -> 
  custom:audio-encoder-webm-vorbis: bf7c407c2cedff20999df2af8eb42d56 -> 
========================================================================
Received Import Request.
  path: Assets/Readme.asset
  artifactKey: Guid(83c2ed844a8c74b779a4c823d16594b1) Importer(815301076,1909f56bfc062723c751e8b465ee728b)
Start importing Assets/Readme.asset using Guid(83c2ed844a8c74b779a4c823d16594b1) Importer(815301076,1909f56bfc062723c751e8b465ee728b)  -> (artifact id: '7c3b9f17ff219922461d349995487975') in 0.050266 seconds 
  Import took 0.055438 seconds .

========================================================================
Received Import Request.
  Time since last request: 45.298724 seconds.
  path: Assets/Scenes
  artifactKey: Guid(6b92196c8015a784fb8fc07abffa8f8f) Importer(815301076,1909f56bfc062723c751e8b465ee728b)
Start importing Assets/Scenes using Guid(6b92196c8015a784fb8fc07abffa8f8f) Importer(815301076,1909f56bfc062723c751e8b465ee728b)  -> (artifact id: '3bd000d7ed7db58f0e5db9a9d6b128ba') in 0.009163 seconds 
  Import took 0.014545 seconds .

========================================================================
Received Import Request.
  Time since last request: 0.001474 seconds.
  path: Assets/Scenes
  artifactKey: Guid(6b92196c8015a784fb8fc07abffa8f8f) Importer(815301076,1909f56bfc062723c751e8b465ee728b)
Start importing Assets/Scenes using Guid(6b92196c8015a784fb8fc07abffa8f8f) Importer(815301076,1909f56bfc062723c751e8b465ee728b)  -> (artifact id: '3bd000d7ed7db58f0e5db9a9d6b128ba') in 0.003214 seconds 
  Import took 0.008981 seconds .

========================================================================
Received Import Request.
  Time since last request: 324.525874 seconds.
  path: Assets
  artifactKey: Guid(00000000000000001000000000000000) Importer(815301076,1909f56bfc062723c751e8b465ee728b)
Start importing Assets using Guid(00000000000000001000000000000000) Importer(815301076,1909f56bfc062723c751e8b465ee728b)  -> (artifact id: '42d402b061de3733987d63b9cc3b64de') in 0.011387 seconds 
  Import took 0.018006 seconds .

========================================================================
Received Import Request.
  Time since last request: 0.002018 seconds.
  path: Assets
  artifactKey: Guid(00000000000000001000000000000000) Importer(815301076,1909f56bfc062723c751e8b465ee728b)
Start importing Assets using Guid(00000000000000001000000000000000) Importer(815301076,1909f56bfc062723c751e8b465ee728b)  -> (artifact id: '42d402b061de3733987d63b9cc3b64de') in 0.003142 seconds 
  Import took 0.007978 seconds .

========================================================================
Received Import Request.
  Time since last request: 4.889304 seconds.
  path: Assets/Anims
  artifactKey: Guid(ba81d5869e5ba124c97cacad1590c01a) Importer(815301076,1909f56bfc062723c751e8b465ee728b)
Start importing Assets/Anims using Guid(ba81d5869e5ba124c97cacad1590c01a) Importer(815301076,1909f56bfc062723c751e8b465ee728b)  -> (artifact id: 'aec61d5086f546ab8ad83cf0cbb9a0da') in 0.009366 seconds 
  Import took 0.014277 seconds .

========================================================================
Received Import Request.
  Time since last request: 18.648812 seconds.
  path: Assets/Anims/Pilar1
  artifactKey: Guid(dc39e737a821a474e857e43bfe2a8e51) Importer(815301076,1909f56bfc062723c751e8b465ee728b)
Start importing Assets/Anims/Pilar1 using Guid(dc39e737a821a474e857e43bfe2a8e51) Importer(815301076,1909f56bfc062723c751e8b465ee728b)  -> (artifact id: 'd396b8a271ba5123fb1f0745559b85bb') in 0.008535 seconds 
  Import took 0.013430 seconds .

========================================================================
Received Import Request.
  Time since last request: 22.181713 seconds.
  path: Assets/Anims/Pilar5Rosa
  artifactKey: Guid(dc39e737a821a474e857e43bfe2a8e51) Importer(815301076,1909f56bfc062723c751e8b465ee728b)
Start importing Assets/Anims/Pilar5Rosa using Guid(dc39e737a821a474e857e43bfe2a8e51) Importer(815301076,1909f56bfc062723c751e8b465ee728b)  -> (artifact id: '572794bc2c0cf6cfa3e220776721aaab') in 0.007556 seconds 
  Import took 0.012481 seconds .

========================================================================
Received Import Request.
  Time since last request: 123.922258 seconds.
  path: Assets/Anims/Pilar5Rosa/Dano1.anim
  artifactKey: Guid(b997c16c578920946a35ab8772c0825a) Importer(815301076,1909f56bfc062723c751e8b465ee728b)
Start importing Assets/Anims/Pilar5Rosa/Dano1.anim using Guid(b997c16c578920946a35ab8772c0825a) Importer(815301076,1909f56bfc062723c751e8b465ee728b)  -> (artifact id: '8b2b6f9803446db19c0e8aa260ed0ea3') in 0.010857 seconds 
  Import took 0.016091 seconds .

========================================================================
Received Import Request.
  Time since last request: 2.569633 seconds.
  path: Assets/Anims/Pilar5Rosa/Idl.anim
  artifactKey: Guid(1a0f1cd0a6af87047af2b785afe99f37) Importer(815301076,1909f56bfc062723c751e8b465ee728b)
Start importing Assets/Anims/Pilar5Rosa/Idl.anim using Guid(1a0f1cd0a6af87047af2b785afe99f37) Importer(815301076,1909f56bfc062723c751e8b465ee728b)  -> (artifact id: '594e91d4ff9ff10495c7523af9ac1754') in 0.009093 seconds 
  Import took 0.014217 seconds .

========================================================================
Received Import Request.
  Time since last request: 0.003088 seconds.
  path: Assets/Anims/Pilar5Rosa/Idl.anim
  artifactKey: Guid(1a0f1cd0a6af87047af2b785afe99f37) Importer(815301076,1909f56bfc062723c751e8b465ee728b)
Start importing Assets/Anims/Pilar5Rosa/Idl.anim using Guid(1a0f1cd0a6af87047af2b785afe99f37) Importer(815301076,1909f56bfc062723c751e8b465ee728b)  -> (artifact id: '594e91d4ff9ff10495c7523af9ac1754') in 0.005979 seconds 
  Import took 0.010747 seconds .

========================================================================
Received Import Request.
  Time since last request: 22.398373 seconds.
  path: Assets/Anims/Pilar5Rosa/Pilar5.controller
  artifactKey: Guid(e916a4ea1fabe6642962cf90040550d1) Importer(815301076,1909f56bfc062723c751e8b465ee728b)
Start importing Assets/Anims/Pilar5Rosa/Pilar5.controller using Guid(e916a4ea1fabe6642962cf90040550d1) Importer(815301076,1909f56bfc062723c751e8b465ee728b)  -> (artifact id: 'fb0624fd5dc6d26f403e2ab4b334f232') in 0.011694 seconds 
  Import took 0.016653 seconds .

========================================================================
Received Import Request.
  Time since last request: 0.000666 seconds.
  path: Assets/Anims/Pilar5Rosa/Pilar5.controller
  artifactKey: Guid(e916a4ea1fabe6642962cf90040550d1) Importer(815301076,1909f56bfc062723c751e8b465ee728b)
Start importing Assets/Anims/Pilar5Rosa/Pilar5.controller using Guid(e916a4ea1fabe6642962cf90040550d1) Importer(815301076,1909f56bfc062723c751e8b465ee728b)  -> (artifact id: 'fb0624fd5dc6d26f403e2ab4b334f232') in 0.003869 seconds 
  Import took 0.008644 seconds .

========================================================================
Received Prepare
Registering precompiled user dll's ...
Registered in 0.008374 seconds.
Begin MonoManager ReloadAssembly
Native extension for WindowsStandalone target not found
Refreshing native plugins compatible for Editor in 0.63 ms, found 2 plugins.
Preloading 0 native plugins for Editor in 0.00 ms.
Mono: successfully reloaded assembly
- Completed reload, in  1.364 seconds
Platform modules already initialized, skipping
Shader 'Universal Render Pipeline/Particles/Lit': fallback shader 'Universal Render Pipeline/Particles/SimpleLit' not found
Refreshing native plugins compatible for Editor in 0.66 ms, found 2 plugins.
Preloading 0 native plugins for Editor in 0.00 ms.
Unloading 2590 Unused Serialized files (Serialized files now loaded: 0)
System memory in use before: 116.2 MB.
System memory in use after: 116.5 MB.

Unloading 14 unused Assets to reduce memory usage. Loaded Objects now: 3149.
Total: 2.567200 ms (FindLiveObjects: 0.292900 ms CreateObjectMapping: 0.142300 ms MarkObjects: 2.102800 ms  DeleteObjects: 0.027300 ms)

AssetImportParameters requested are different than current active one (requested -> active):
  custom:framework-win-MediaFoundation: 216162199b28c13a410421893ffa2e32 -> 
  custom:video-decoder-ogg-theora: a1e56fd34408186e4bbccfd4996cb3dc -> 
  custom:container-muxer-webm: aa71ff27fc2769a1b78a27578f13a17b -> 
  custom:container-demuxer-webm: 4f35f7cbe854078d1ac9338744f61a02 -> 
  custom:container-demuxer-ogg: 62fdf1f143b41e24485cea50d1cbac27 -> 
  custom:video-encoder-webm-vp8: eb34c28f22e8b96e1ab97ce403110664 -> 
  custom:video-decoder-webm-vp8: 9c59270c3fd7afecdb556c50c9e8de78 -> 
  custom:audio-decoder-ogg-vorbis: bf7c407c2cedff20999df2af8eb42d56 -> 
  custom:audio-encoder-webm-vorbis: bf7c407c2cedff20999df2af8eb42d56 -> 
========================================================================
Received Import Request.
  Time since last request: 160.648112 seconds.
  path: Assets/Anims/Pilar5Rosa/Dano2.anim
  artifactKey: Guid(52318de2dfb68c44593948beed5ff586) Importer(815301076,1909f56bfc062723c751e8b465ee728b)
Start importing Assets/Anims/Pilar5Rosa/Dano2.anim using Guid(52318de2dfb68c44593948beed5ff586) Importer(815301076,1909f56bfc062723c751e8b465ee728b)  -> (artifact id: '76a48702f2ab3ff101d586adf72fb99a') in 0.030381 seconds 
  Import took 0.035531 seconds .

========================================================================
Received Prepare
Registering precompiled user dll's ...
Registered in 0.009146 seconds.
Begin MonoManager ReloadAssembly
Native extension for WindowsStandalone target not found
Refreshing native plugins compatible for Editor in 0.71 ms, found 2 plugins.
Preloading 0 native plugins for Editor in 0.00 ms.
Mono: successfully reloaded assembly
- Completed reload, in  1.303 seconds
Platform modules already initialized, skipping
Shader 'Universal Render Pipeline/Particles/Lit': fallback shader 'Universal Render Pipeline/Particles/SimpleLit' not found
Refreshing native plugins compatible for Editor in 0.65 ms, found 2 plugins.
Preloading 0 native plugins for Editor in 0.00 ms.
Unloading 2590 Unused Serialized files (Serialized files now loaded: 0)
System memory in use before: 116.3 MB.
System memory in use after: 116.5 MB.

Unloading 14 unused Assets to reduce memory usage. Loaded Objects now: 3152.
Total: 2.800300 ms (FindLiveObjects: 0.277200 ms CreateObjectMapping: 0.128700 ms MarkObjects: 2.368800 ms  DeleteObjects: 0.024100 ms)

AssetImportParameters requested are different than current active one (requested -> active):
  custom:framework-win-MediaFoundation: 216162199b28c13a410421893ffa2e32 -> 
  custom:video-decoder-ogg-theora: a1e56fd34408186e4bbccfd4996cb3dc -> 
  custom:container-muxer-webm: aa71ff27fc2769a1b78a27578f13a17b -> 
  custom:container-demuxer-webm: 4f35f7cbe854078d1ac9338744f61a02 -> 
  custom:container-demuxer-ogg: 62fdf1f143b41e24485cea50d1cbac27 -> 
  custom:video-encoder-webm-vp8: eb34c28f22e8b96e1ab97ce403110664 -> 
  custom:video-decoder-webm-vp8: 9c59270c3fd7afecdb556c50c9e8de78 -> 
  custom:audio-decoder-ogg-vorbis: bf7c407c2cedff20999df2af8eb42d56 -> 
  custom:audio-encoder-webm-vorbis: bf7c407c2cedff20999df2af8eb42d56 -> 
========================================================================
Received Import Request.
  Time since last request: 3258.462026 seconds.
  path: Assets/Scripts
  artifactKey: Guid(02a3527b6b33a924e8ec66aa805ea717) Importer(815301076,1909f56bfc062723c751e8b465ee728b)
Start importing Assets/Scripts using Guid(02a3527b6b33a924e8ec66aa805ea717) Importer(815301076,1909f56bfc062723c751e8b465ee728b)  -> (artifact id: '3d22bec3b2937c29cd085e1506c06094') in 0.012549 seconds 
  Import took 0.017497 seconds .

========================================================================
Received Import Request.
  Time since last request: 11.446675 seconds.
  path: Assets/Scripts/DownPilar.cs
  artifactKey: Guid(31631c22f6d58a6489e680be00522afa) Importer(815301076,1909f56bfc062723c751e8b465ee728b)
Start importing Assets/Scripts/DownPilar.cs using Guid(31631c22f6d58a6489e680be00522afa) Importer(815301076,1909f56bfc062723c751e8b465ee728b)  -> (artifact id: '54d4dcc39f722c21a8dcb669e0939611') in 0.021936 seconds 
  Import took 0.027275 seconds .

========================================================================
Received Import Request.
  Time since last request: 0.002226 seconds.
  path: Assets/Scripts/DownPilar.cs
  artifactKey: Guid(31631c22f6d58a6489e680be00522afa) Importer(815301076,1909f56bfc062723c751e8b465ee728b)
Start importing Assets/Scripts/DownPilar.cs using Guid(31631c22f6d58a6489e680be00522afa) Importer(815301076,1909f56bfc062723c751e8b465ee728b)  -> (artifact id: '54d4dcc39f722c21a8dcb669e0939611') in 0.004343 seconds 
  Import took 0.011326 seconds .

========================================================================
Received Prepare
Registering precompiled user dll's ...
Registered in 0.009728 seconds.
Begin MonoManager ReloadAssembly
Native extension for WindowsStandalone target not found
Refreshing native plugins compatible for Editor in 0.66 ms, found 2 plugins.
Preloading 0 native plugins for Editor in 0.00 ms.
Mono: successfully reloaded assembly
- Completed reload, in  1.336 seconds
Platform modules already initialized, skipping
Shader 'Universal Render Pipeline/Particles/Lit': fallback shader 'Universal Render Pipeline/Particles/SimpleLit' not found
Refreshing native plugins compatible for Editor in 0.64 ms, found 2 plugins.
Preloading 0 native plugins for Editor in 0.00 ms.
Unloading 2591 Unused Serialized files (Serialized files now loaded: 0)
System memory in use before: 116.3 MB.
System memory in use after: 116.6 MB.

Unloading 14 unused Assets to reduce memory usage. Loaded Objects now: 3156.
Total: 2.995900 ms (FindLiveObjects: 0.257800 ms CreateObjectMapping: 0.120500 ms MarkObjects: 2.576400 ms  DeleteObjects: 0.039600 ms)

AssetImportParameters requested are different than current active one (requested -> active):
  custom:framework-win-MediaFoundation: 216162199b28c13a410421893ffa2e32 -> 
  custom:video-decoder-ogg-theora: a1e56fd34408186e4bbccfd4996cb3dc -> 
  custom:container-muxer-webm: aa71ff27fc2769a1b78a27578f13a17b -> 
  custom:container-demuxer-webm: 4f35f7cbe854078d1ac9338744f61a02 -> 
  custom:container-demuxer-ogg: 62fdf1f143b41e24485cea50d1cbac27 -> 
  custom:video-encoder-webm-vp8: eb34c28f22e8b96e1ab97ce403110664 -> 
  custom:video-decoder-webm-vp8: 9c59270c3fd7afecdb556c50c9e8de78 -> 
  custom:audio-decoder-ogg-vorbis: bf7c407c2cedff20999df2af8eb42d56 -> 
  custom:audio-encoder-webm-vorbis: bf7c407c2cedff20999df2af8eb42d56 -> 
========================================================================
Received Import Request.
  Time since last request: 163.145191 seconds.
  path: Assets/Scripts/Destroy.cs
  artifactKey: Guid(90e85af39940d4047810807c54bd442b) Importer(815301076,1909f56bfc062723c751e8b465ee728b)
Start importing Assets/Scripts/Destroy.cs using Guid(90e85af39940d4047810807c54bd442b) Importer(815301076,1909f56bfc062723c751e8b465ee728b)  -> (artifact id: 'c96a3b9bc2b79e3eea3d81535ca884ec') in 0.014878 seconds 
  Import took 0.020068 seconds .

========================================================================
Received Import Request.
  Time since last request: 0.000550 seconds.
  path: Assets/Scripts/Destroy.cs
  artifactKey: Guid(90e85af39940d4047810807c54bd442b) Importer(815301076,1909f56bfc062723c751e8b465ee728b)
Start importing Assets/Scripts/Destroy.cs using Guid(90e85af39940d4047810807c54bd442b) Importer(815301076,1909f56bfc062723c751e8b465ee728b)  -> (artifact id: 'c96a3b9bc2b79e3eea3d81535ca884ec') in 0.003897 seconds 
  Import took 0.008888 seconds .

========================================================================
Received Import Request.
  Time since last request: 1.285078 seconds.
  path: Assets/Scripts/Atribute.cs
  artifactKey: Guid(10af53b74fb626540959fb85a75c6e49) Importer(815301076,1909f56bfc062723c751e8b465ee728b)
Start importing Assets/Scripts/Atribute.cs using Guid(10af53b74fb626540959fb85a75c6e49) Importer(815301076,1909f56bfc062723c751e8b465ee728b)  -> (artifact id: '5e85afe0bf9a5c23d4cfcd6f6a0dcfc4') in 0.010113 seconds 
  Import took 0.015430 seconds .

========================================================================
Received Import Request.
  Time since last request: 0.002635 seconds.
  path: Assets/Scripts/Atribute.cs
  artifactKey: Guid(10af53b74fb626540959fb85a75c6e49) Importer(815301076,1909f56bfc062723c751e8b465ee728b)
Start importing Assets/Scripts/Atribute.cs using Guid(10af53b74fb626540959fb85a75c6e49) Importer(815301076,1909f56bfc062723c751e8b465ee728b)  -> (artifact id: '5e85afe0bf9a5c23d4cfcd6f6a0dcfc4') in 0.004492 seconds 
  Import took 0.009365 seconds .

========================================================================
Received Import Request.
  Time since last request: 22.932428 seconds.
  path: Assets/Scripts/Proyectil.cs
  artifactKey: Guid(7eecc7f8a9a62da46916984089f749aa) Importer(815301076,1909f56bfc062723c751e8b465ee728b)
Start importing Assets/Scripts/Proyectil.cs using Guid(7eecc7f8a9a62da46916984089f749aa) Importer(815301076,1909f56bfc062723c751e8b465ee728b)  -> (artifact id: '5c04b313c60cf427ba61850a4723d60a') in 0.009338 seconds 
  Import took 0.014304 seconds .

========================================================================
Received Import Request.
  Time since last request: 0.002137 seconds.
  path: Assets/Scripts/Proyectil.cs
  artifactKey: Guid(7eecc7f8a9a62da46916984089f749aa) Importer(815301076,1909f56bfc062723c751e8b465ee728b)
Start importing Assets/Scripts/Proyectil.cs using Guid(7eecc7f8a9a62da46916984089f749aa) Importer(815301076,1909f56bfc062723c751e8b465ee728b)  -> (artifact id: '5c04b313c60cf427ba61850a4723d60a') in 0.003800 seconds 
  Import took 0.009072 seconds .

========================================================================
Received Prepare
Registering precompiled user dll's ...
Registered in 0.008795 seconds.
Begin MonoManager ReloadAssembly
Native extension for WindowsStandalone target not found
Refreshing native plugins compatible for Editor in 0.73 ms, found 2 plugins.
Preloading 0 native plugins for Editor in 0.00 ms.
Mono: successfully reloaded assembly
- Completed reload, in  1.342 seconds
Platform modules already initialized, skipping
Shader 'Universal Render Pipeline/Particles/Lit': fallback shader 'Universal Render Pipeline/Particles/SimpleLit' not found
Refreshing native plugins compatible for Editor in 0.64 ms, found 2 plugins.
Preloading 0 native plugins for Editor in 0.00 ms.
Unloading 2591 Unused Serialized files (Serialized files now loaded: 0)
System memory in use before: 116.4 MB.
System memory in use after: 116.6 MB.

Unloading 14 unused Assets to reduce memory usage. Loaded Objects now: 3159.
Total: 2.791300 ms (FindLiveObjects: 0.262300 ms CreateObjectMapping: 0.122000 ms MarkObjects: 2.368000 ms  DeleteObjects: 0.037300 ms)

AssetImportParameters requested are different than current active one (requested -> active):
  custom:framework-win-MediaFoundation: 216162199b28c13a410421893ffa2e32 -> 
  custom:video-decoder-ogg-theora: a1e56fd34408186e4bbccfd4996cb3dc -> 
  custom:container-muxer-webm: aa71ff27fc2769a1b78a27578f13a17b -> 
  custom:container-demuxer-webm: 4f35f7cbe854078d1ac9338744f61a02 -> 
  custom:container-demuxer-ogg: 62fdf1f143b41e24485cea50d1cbac27 -> 
  custom:video-encoder-webm-vp8: eb34c28f22e8b96e1ab97ce403110664 -> 
  custom:video-decoder-webm-vp8: 9c59270c3fd7afecdb556c50c9e8de78 -> 
  custom:audio-decoder-ogg-vorbis: bf7c407c2cedff20999df2af8eb42d56 -> 
  custom:audio-encoder-webm-vorbis: bf7c407c2cedff20999df2af8eb42d56 -> 
========================================================================
Received Prepare
Registering precompiled user dll's ...
Registered in 0.008768 seconds.
Begin MonoManager ReloadAssembly
Native extension for WindowsStandalone target not found
Refreshing native plugins compatible for Editor in 1.10 ms, found 2 plugins.
Preloading 0 native plugins for Editor in 0.00 ms.
Mono: successfully reloaded assembly
- Completed reload, in  1.348 seconds
Platform modules already initialized, skipping
Shader 'Universal Render Pipeline/Particles/Lit': fallback shader 'Universal Render Pipeline/Particles/SimpleLit' not found
Refreshing native plugins compatible for Editor in 0.63 ms, found 2 plugins.
Preloading 0 native plugins for Editor in 0.00 ms.
Unloading 2591 Unused Serialized files (Serialized files now loaded: 0)
System memory in use before: 116.4 MB.
System memory in use after: 116.6 MB.

Unloading 14 unused Assets to reduce memory usage. Loaded Objects now: 3162.
Total: 2.521700 ms (FindLiveObjects: 0.263700 ms CreateObjectMapping: 0.125100 ms MarkObjects: 2.100500 ms  DeleteObjects: 0.031000 ms)

AssetImportParameters requested are different than current active one (requested -> active):
  custom:framework-win-MediaFoundation: 216162199b28c13a410421893ffa2e32 -> 
  custom:video-decoder-ogg-theora: a1e56fd34408186e4bbccfd4996cb3dc -> 
  custom:container-muxer-webm: aa71ff27fc2769a1b78a27578f13a17b -> 
  custom:container-demuxer-webm: 4f35f7cbe854078d1ac9338744f61a02 -> 
  custom:container-demuxer-ogg: 62fdf1f143b41e24485cea50d1cbac27 -> 
  custom:video-encoder-webm-vp8: eb34c28f22e8b96e1ab97ce403110664 -> 
  custom:video-decoder-webm-vp8: 9c59270c3fd7afecdb556c50c9e8de78 -> 
  custom:audio-decoder-ogg-vorbis: bf7c407c2cedff20999df2af8eb42d56 -> 
  custom:audio-encoder-webm-vorbis: bf7c407c2cedff20999df2af8eb42d56 -> 
========================================================================
Received Import Request.
  Time since last request: 2721.770805 seconds.
  path: Assets/Prefabs/Indicator.prefab
  artifactKey: Guid(aa8a5cc1eee6b9b4c8a0e5eb472d131c) Importer(815301076,1909f56bfc062723c751e8b465ee728b)
Start importing Assets/Prefabs/Indicator.prefab using Guid(aa8a5cc1eee6b9b4c8a0e5eb472d131c) Importer(815301076,1909f56bfc062723c751e8b465ee728b)  -> (artifact id: 'b009c8ce919f4c99b52c03a71774c0e2') in 0.285948 seconds 
  Import took 0.292283 seconds .

========================================================================
Received Import Request.
  Time since last request: 0.000300 seconds.
  path: Assets/Prefabs/Name Smile SDF.asset
  artifactKey: Guid(69c8a25809a7a4a4c96c0ad17afa5a56) Importer(815301076,1909f56bfc062723c751e8b465ee728b)
Start importing Assets/Prefabs/Name Smile SDF.asset using Guid(69c8a25809a7a4a4c96c0ad17afa5a56) Importer(815301076,1909f56bfc062723c751e8b465ee728b)  -> (artifact id: 'f758ef046165e07aaf3b3dbf70ea4a26') in 0.094214 seconds 
  Import took 0.099066 seconds .

========================================================================
Received Import Request.
  Time since last request: 0.000295 seconds.
  path: Assets/Prefabs/Panzer.ttf
  artifactKey: Guid(91816566197909d4bac9f3389d5f0a75) Importer(815301076,1909f56bfc062723c751e8b465ee728b)
Start importing Assets/Prefabs/Panzer.ttf using Guid(91816566197909d4bac9f3389d5f0a75) Importer(815301076,1909f56bfc062723c751e8b465ee728b)  -> (artifact id: '7518383c0172a8964df81ca4ccfeb0e2') in 0.038695 seconds 
  Import took 0.043998 seconds .

========================================================================
Received Import Request.
  Time since last request: 0.000245 seconds.
  path: Assets/Prefabs/IndicatorRosa.prefab
  artifactKey: Guid(f2c1d1a72f81a9f489f34538ae3b69f6) Importer(815301076,1909f56bfc062723c751e8b465ee728b)
Start importing Assets/Prefabs/IndicatorRosa.prefab using Guid(f2c1d1a72f81a9f489f34538ae3b69f6) Importer(815301076,1909f56bfc062723c751e8b465ee728b)  -> (artifact id: '766e6cce75f8c1efd95eb6d8f88d19fe') in 0.017778 seconds 
  Import took 0.022665 seconds .

========================================================================
Received Import Request.
  Time since last request: 0.000240 seconds.
  path: Assets/Prefabs/Test proyect.prefab
  artifactKey: Guid(2e9d988d8306e844f8fdeaa3dbc04a97) Importer(815301076,1909f56bfc062723c751e8b465ee728b)
Start importing Assets/Prefabs/Test proyect.prefab using Guid(2e9d988d8306e844f8fdeaa3dbc04a97) Importer(815301076,1909f56bfc062723c751e8b465ee728b)  -> (artifact id: '37a048ebe9eb2e543a1fbc845289edeb') in 0.033693 seconds 
  Import took 0.039313 seconds .

========================================================================
Received Import Request.
  Time since last request: 0.000280 seconds.
  path: Assets/Prefabs/triangulo (1).fbx
  artifactKey: Guid(5c93be054a514de4ba462fc8fb4e9472) Importer(815301076,1909f56bfc062723c751e8b465ee728b)
Start importing Assets/Prefabs/triangulo (1).fbx using Guid(5c93be054a514de4ba462fc8fb4e9472) Importer(815301076,1909f56bfc062723c751e8b465ee728b)  -> (artifact id: '413da03fcad8252436241b2a2de18ed1') in 0.343457 seconds 
  Import took 0.348923 seconds .

========================================================================
Received Import Request.
  Time since last request: 0.000297 seconds.
  path: Assets/Prefabs/Name Smile.otf
  artifactKey: Guid(4221a2167a5dc70459f3161fea94c794) Importer(815301076,1909f56bfc062723c751e8b465ee728b)
Start importing Assets/Prefabs/Name Smile.otf using Guid(4221a2167a5dc70459f3161fea94c794) Importer(815301076,1909f56bfc062723c751e8b465ee728b)  -> (artifact id: 'fe096f36ae019a64127e353131419013') in 0.045275 seconds 
  Import took 0.050864 seconds .

========================================================================
Received Import Request.
  Time since last request: 0.000280 seconds.
  path: Assets/Prefabs/Panzer SDF.asset
  artifactKey: Guid(3a28fecbeab98ca4f8f284729e893aa7) Importer(815301076,1909f56bfc062723c751e8b465ee728b)
Start importing Assets/Prefabs/Panzer SDF.asset using Guid(3a28fecbeab98ca4f8f284729e893aa7) Importer(815301076,1909f56bfc062723c751e8b465ee728b)  -> (artifact id: '952ac6a97578769228a9381ee839f29e') in 0.041586 seconds 
  Import took 0.046638 seconds .

========================================================================
Received Import Request.
  Time since last request: 0.000358 seconds.
  path: Assets/Prefabs/triangulo.fbx
  artifactKey: Guid(98255dfc5b419334ca5d11589065370d) Importer(815301076,1909f56bfc062723c751e8b465ee728b)
Start importing Assets/Prefabs/triangulo.fbx using Guid(98255dfc5b419334ca5d11589065370d) Importer(815301076,1909f56bfc062723c751e8b465ee728b)  -> (artifact id: 'cb5e8b30f57783898a7b7aaeae5ea441') in 0.028049 seconds 
  Import took 0.033040 seconds .

========================================================================
Received Import Request.
  Time since last request: 0.000308 seconds.
  path: Assets/Prefabs/luzita.mat
  artifactKey: Guid(9d88cff58f812034db5ad8f77774c844) Importer(815301076,1909f56bfc062723c751e8b465ee728b)
Start importing Assets/Prefabs/luzita.mat using Guid(9d88cff58f812034db5ad8f77774c844) Importer(815301076,1909f56bfc062723c751e8b465ee728b)  -> (artifact id: '19178ff61f82956d55285767983ecc96') in 0.062679 seconds 
  Import took 0.068112 seconds .

========================================================================
Received Prepare
Registering precompiled user dll's ...
Registered in 0.009084 seconds.
Begin MonoManager ReloadAssembly
Native extension for WindowsStandalone target not found
Refreshing native plugins compatible for Editor in 0.82 ms, found 2 plugins.
Preloading 0 native plugins for Editor in 0.00 ms.
Mono: successfully reloaded assembly
- Completed reload, in  1.418 seconds
Platform modules already initialized, skipping
Shader 'Universal Render Pipeline/Particles/Lit': fallback shader 'Universal Render Pipeline/Particles/SimpleLit' not found
Refreshing native plugins compatible for Editor in 0.69 ms, found 2 plugins.
Preloading 0 native plugins for Editor in 0.00 ms.
Unloading 2591 Unused Serialized files (Serialized files now loaded: 0)
System memory in use before: 122.2 MB.
System memory in use after: 122.4 MB.

Unloading 14 unused Assets to reduce memory usage. Loaded Objects now: 3252.
Total: 2.968200 ms (FindLiveObjects: 0.283900 ms CreateObjectMapping: 0.130700 ms MarkObjects: 2.518200 ms  DeleteObjects: 0.033500 ms)

AssetImportParameters requested are different than current active one (requested -> active):
  custom:framework-win-MediaFoundation: 216162199b28c13a410421893ffa2e32 -> 
  custom:video-decoder-ogg-theora: a1e56fd34408186e4bbccfd4996cb3dc -> 
  custom:container-muxer-webm: aa71ff27fc2769a1b78a27578f13a17b -> 
  custom:container-demuxer-webm: 4f35f7cbe854078d1ac9338744f61a02 -> 
  custom:container-demuxer-ogg: 62fdf1f143b41e24485cea50d1cbac27 -> 
  custom:video-encoder-webm-vp8: eb34c28f22e8b96e1ab97ce403110664 -> 
  custom:video-decoder-webm-vp8: 9c59270c3fd7afecdb556c50c9e8de78 -> 
  custom:audio-decoder-ogg-vorbis: bf7c407c2cedff20999df2af8eb42d56 -> 
  custom:audio-encoder-webm-vorbis: bf7c407c2cedff20999df2af8eb42d56 -> 
========================================================================
Received Import Request.
  Time since last request: 3.193304 seconds.
  path: Assets/Materials/lanzacohete.mat
  artifactKey: Guid(cf730234b8935944ea9fe9b58d2bbc21) Importer(815301076,1909f56bfc062723c751e8b465ee728b)
Start importing Assets/Materials/lanzacohete.mat using Guid(cf730234b8935944ea9fe9b58d2bbc21) Importer(815301076,1909f56bfc062723c751e8b465ee728b)  -> (artifact id: 'd7623f34f00fde81b7d91a4c9b40a886') in 0.224326 seconds 
  Import took 0.229333 seconds .

========================================================================
Received Import Request.
  Time since last request: 0.000249 seconds.
  path: Assets/Materials/granada.mat
  artifactKey: Guid(0c8efe51d62fc134696b8bfdb73e5a7d) Importer(815301076,1909f56bfc062723c751e8b465ee728b)
Start importing Assets/Materials/granada.mat using Guid(0c8efe51d62fc134696b8bfdb73e5a7d) Importer(815301076,1909f56bfc062723c751e8b465ee728b)  -> (artifact id: '1fd834123c072e699c6aa7afcbce0644') in 0.015615 seconds 
  Import took 0.020297 seconds .

========================================================================
Received Import Request.
  Time since last request: 0.000308 seconds.
  path: Assets/Materials/E1.mat
  artifactKey: Guid(6fba8578c69f328469d1a91d75fb1ddb) Importer(815301076,1909f56bfc062723c751e8b465ee728b)
Start importing Assets/Materials/E1.mat using Guid(6fba8578c69f328469d1a91d75fb1ddb) Importer(815301076,1909f56bfc062723c751e8b465ee728b)  -> (artifact id: '00c8ecd47187698a0f75db966a907ff4') in 0.026193 seconds 
  Import took 0.031175 seconds .

========================================================================
Received Import Request.
  Time since last request: 0.000338 seconds.
  path: Assets/Materials/botella.mat
  artifactKey: Guid(0a47775ad0f350443af93a89cc142628) Importer(815301076,1909f56bfc062723c751e8b465ee728b)
Start importing Assets/Materials/botella.mat using Guid(0a47775ad0f350443af93a89cc142628) Importer(815301076,1909f56bfc062723c751e8b465ee728b)  -> (artifact id: '99053d6bfda3643dcff91fd27203ee27') in 0.031235 seconds 
  Import took 0.036125 seconds .

========================================================================
Received Import Request.
  Time since last request: 0.000287 seconds.
  path: Assets/Materials/Wall.mat
  artifactKey: Guid(a85918a0fadfddc41b6e09755a823676) Importer(815301076,1909f56bfc062723c751e8b465ee728b)
Start importing Assets/Materials/Wall.mat using Guid(a85918a0fadfddc41b6e09755a823676) Importer(815301076,1909f56bfc062723c751e8b465ee728b)  -> (artifact id: 'be8b76ef0a46ea3e8714417325c6d292') in 0.037801 seconds 
  Import took 0.042506 seconds .

========================================================================
Received Import Request.
  Time since last request: 0.000281 seconds.
  path: Assets/Materials/PilarBlue.mat
  artifactKey: Guid(536cc365d979c8a4ab7ec119b8d576e1) Importer(815301076,1909f56bfc062723c751e8b465ee728b)
Start importing Assets/Materials/PilarBlue.mat using Guid(536cc365d979c8a4ab7ec119b8d576e1) Importer(815301076,1909f56bfc062723c751e8b465ee728b)  -> (artifact id: 'ec7a73e5473c72bd9d7d91aea6d94ea9') in 0.017941 seconds 
  Import took 0.022867 seconds .

========================================================================
Received Import Request.
  Time since last request: 0.000332 seconds.
  path: Assets/Materials/pilarRed.mat
  artifactKey: Guid(22dce057cfd9869419e29580a7b36b7e) Importer(815301076,1909f56bfc062723c751e8b465ee728b)
Start importing Assets/Materials/pilarRed.mat using Guid(22dce057cfd9869419e29580a7b36b7e) Importer(815301076,1909f56bfc062723c751e8b465ee728b)  -> (artifact id: '218ea9fed2a6e699619f996c9da12cdb') in 0.024737 seconds 
  Import took 0.030370 seconds .

========================================================================
Received Import Request.
  Time since last request: 0.000274 seconds.
  path: Assets/Materials/Skybox_Mat.mat
  artifactKey: Guid(0ffaa0b7117ba8c47a9d05ae701d4b4d) Importer(815301076,1909f56bfc062723c751e8b465ee728b)
Start importing Assets/Materials/Skybox_Mat.mat using Guid(0ffaa0b7117ba8c47a9d05ae701d4b4d) Importer(815301076,1909f56bfc062723c751e8b465ee728b)  -> (artifact id: 'f1e587b2d9f39b4a8da249a6a8f56a44') in 0.041319 seconds 
  Import took 0.046651 seconds .

========================================================================
Received Import Request.
  Time since last request: 0.000278 seconds.
  path: Assets/Materials/Untitled.png
  artifactKey: Guid(db59074b1c12e3442903c79f6e94accf) Importer(815301076,1909f56bfc062723c751e8b465ee728b)
Start importing Assets/Materials/Untitled.png using Guid(db59074b1c12e3442903c79f6e94accf) Importer(815301076,1909f56bfc062723c751e8b465ee728b)  -> (artifact id: '42b13e505b50579a0c1c6d16ff368ada') in 0.040419 seconds 
  Import took 0.045676 seconds .

========================================================================
Received Import Request.
  Time since last request: 0.000309 seconds.
  path: Assets/Materials/E2.mat
  artifactKey: Guid(a57eb952a974d1148a24535615b7c36f) Importer(815301076,1909f56bfc062723c751e8b465ee728b)
Start importing Assets/Materials/E2.mat using Guid(a57eb952a974d1148a24535615b7c36f) Importer(815301076,1909f56bfc062723c751e8b465ee728b)  -> (artifact id: 'a43b7cf421b7dc2090d87d80da605d3a') in 0.017469 seconds 
  Import took 0.023020 seconds .

========================================================================
Received Import Request.
  Time since last request: 0.000261 seconds.
  path: Assets/Materials/Cuchillo.mat
  artifactKey: Guid(a955d5b61aab9ee4888bd29663553b92) Importer(815301076,1909f56bfc062723c751e8b465ee728b)
Start importing Assets/Materials/Cuchillo.mat using Guid(a955d5b61aab9ee4888bd29663553b92) Importer(815301076,1909f56bfc062723c751e8b465ee728b)  -> (artifact id: '0c396160fdb8910f09353e4ac9779d19') in 0.015835 seconds 
  Import took 0.020951 seconds .

========================================================================
Received Import Request.
  Time since last request: 0.000311 seconds.
  path: Assets/Materials/Roca.mat
  artifactKey: Guid(4be8d575b8ac7aa4284daab4c12c7c0a) Importer(815301076,1909f56bfc062723c751e8b465ee728b)
Start importing Assets/Materials/Roca.mat using Guid(4be8d575b8ac7aa4284daab4c12c7c0a) Importer(815301076,1909f56bfc062723c751e8b465ee728b)  -> (artifact id: '7c4a651bb3eba04e0dd49124d0c1cc4b') in 0.021102 seconds 
  Import took 0.026028 seconds .

========================================================================
Received Import Request.
  Time since last request: 0.000286 seconds.
  path: Assets/Materials/Ground.mat
  artifactKey: Guid(b5309ccb86a798549b3de8054f80e45c) Importer(815301076,1909f56bfc062723c751e8b465ee728b)
Start importing Assets/Materials/Ground.mat using Guid(b5309ccb86a798549b3de8054f80e45c) Importer(815301076,1909f56bfc062723c751e8b465ee728b)  -> (artifact id: 'c923c6e1c5574035cb8cd292db97d0d3') in 0.028763 seconds 
  Import took 0.034305 seconds .

========================================================================
Received Import Request.
  Time since last request: 0.000261 seconds.
  path: Assets/Materials/PocionDeVida.mat
  artifactKey: Guid(aaf194b126dd07045be43bf66c539d16) Importer(815301076,1909f56bfc062723c751e8b465ee728b)
Start importing Assets/Materials/PocionDeVida.mat using Guid(aaf194b126dd07045be43bf66c539d16) Importer(815301076,1909f56bfc062723c751e8b465ee728b)  -> (artifact id: '47b8e8d01aa86d0f697ae6e2a2b27e1c') in 0.016374 seconds 
  Import took 0.022142 seconds .

========================================================================
Received Import Request.
  Time since last request: 0.000300 seconds.
  path: Assets/Materials/Indicator.mat
  artifactKey: Guid(5a6f9ab610149d84a84e0a31f37aac90) Importer(815301076,1909f56bfc062723c751e8b465ee728b)
Start importing Assets/Materials/Indicator.mat using Guid(5a6f9ab610149d84a84e0a31f37aac90) Importer(815301076,1909f56bfc062723c751e8b465ee728b)  -> (artifact id: '54952cb4160a7cd4656e1ff9e389737d') in 0.021860 seconds 
  Import took 0.026952 seconds .

========================================================================
Received Import Request.
  Time since last request: 0.000279 seconds.
  path: Assets/Materials/klipartz.com.png
  artifactKey: Guid(fdb86d82bf50fc5458cf0ebf102dbea8) Importer(815301076,1909f56bfc062723c751e8b465ee728b)
Start importing Assets/Materials/klipartz.com.png using Guid(fdb86d82bf50fc5458cf0ebf102dbea8) Importer(815301076,1909f56bfc062723c751e8b465ee728b)  -> (artifact id: 'd53c51698e53209a20b1031579ef9a59') in 0.078759 seconds 
  Import took 0.083871 seconds .

========================================================================
Received Import Request.
  Time since last request: 0.433497 seconds.
  path: Assets/Materials
  artifactKey: Guid(d0234ba368eeec9418390da711bfdad0) Importer(815301076,1909f56bfc062723c751e8b465ee728b)
Start importing Assets/Materials using Guid(d0234ba368eeec9418390da711bfdad0) Importer(815301076,1909f56bfc062723c751e8b465ee728b)  -> (artifact id: 'fa67f7aafba014bdcc74449d8eba51d0') in 0.009409 seconds 
  Import took 0.014570 seconds .

========================================================================
Received Import Request.
  Time since last request: 0.005003 seconds.
  path: Assets/Materials
  artifactKey: Guid(d0234ba368eeec9418390da711bfdad0) Importer(815301076,1909f56bfc062723c751e8b465ee728b)
Start importing Assets/Materials using Guid(d0234ba368eeec9418390da711bfdad0) Importer(815301076,1909f56bfc062723c751e8b465ee728b)  -> (artifact id: 'fa67f7aafba014bdcc74449d8eba51d0') in 0.006479 seconds 
  Import took 0.011529 seconds .

========================================================================
Received Import Request.
  Time since last request: 7.753482 seconds.
  path: Assets/Materials/White.mat
  artifactKey: Guid(f9f6c26a7f64c1648b97c13d7e4ed68d) Importer(815301076,1909f56bfc062723c751e8b465ee728b)
Start importing Assets/Materials/White.mat using Guid(f9f6c26a7f64c1648b97c13d7e4ed68d) Importer(815301076,1909f56bfc062723c751e8b465ee728b)  -> (artifact id: '01c380445b4b69aa39978d5f5e837d80') in 0.018191 seconds 
  Import took 0.024434 seconds .

========================================================================
Received Prepare
Registering precompiled user dll's ...
Registered in 0.009076 seconds.
Begin MonoManager ReloadAssembly
Native extension for WindowsStandalone target not found
Refreshing native plugins compatible for Editor in 0.63 ms, found 2 plugins.
Preloading 0 native plugins for Editor in 0.00 ms.
Mono: successfully reloaded assembly
- Completed reload, in  1.428 seconds
Platform modules already initialized, skipping
Shader 'Universal Render Pipeline/Particles/Lit': fallback shader 'Universal Render Pipeline/Particles/SimpleLit' not found
Refreshing native plugins compatible for Editor in 1.16 ms, found 2 plugins.
Preloading 0 native plugins for Editor in 0.00 ms.
Unloading 2591 Unused Serialized files (Serialized files now loaded: 0)
System memory in use before: 122.4 MB.
System memory in use after: 122.6 MB.

Unloading 14 unused Assets to reduce memory usage. Loaded Objects now: 3294.
Total: 2.988600 ms (FindLiveObjects: 0.476000 ms CreateObjectMapping: 0.133600 ms MarkObjects: 2.354100 ms  DeleteObjects: 0.023000 ms)

AssetImportParameters requested are different than current active one (requested -> active):
  custom:framework-win-MediaFoundation: 216162199b28c13a410421893ffa2e32 -> 
  custom:video-decoder-ogg-theora: a1e56fd34408186e4bbccfd4996cb3dc -> 
  custom:container-muxer-webm: aa71ff27fc2769a1b78a27578f13a17b -> 
  custom:container-demuxer-webm: 4f35f7cbe854078d1ac9338744f61a02 -> 
  custom:container-demuxer-ogg: 62fdf1f143b41e24485cea50d1cbac27 -> 
  custom:video-encoder-webm-vp8: eb34c28f22e8b96e1ab97ce403110664 -> 
  custom:video-decoder-webm-vp8: 9c59270c3fd7afecdb556c50c9e8de78 -> 
  custom:audio-decoder-ogg-vorbis: bf7c407c2cedff20999df2af8eb42d56 -> 
  custom:audio-encoder-webm-vorbis: bf7c407c2cedff20999df2af8eb42d56 -> 
========================================================================
Received Prepare
Registering precompiled user dll's ...
Registered in 0.008804 seconds.
Begin MonoManager ReloadAssembly
Native extension for WindowsStandalone target not found
Refreshing native plugins compatible for Editor in 0.89 ms, found 2 plugins.
Preloading 0 native plugins for Editor in 0.00 ms.
Mono: successfully reloaded assembly
- Completed reload, in  1.379 seconds
Platform modules already initialized, skipping
Shader 'Universal Render Pipeline/Particles/Lit': fallback shader 'Universal Render Pipeline/Particles/SimpleLit' not found
Refreshing native plugins compatible for Editor in 0.63 ms, found 2 plugins.
Preloading 0 native plugins for Editor in 0.00 ms.
Unloading 2591 Unused Serialized files (Serialized files now loaded: 0)
System memory in use before: 122.4 MB.
System memory in use after: 122.6 MB.

Unloading 14 unused Assets to reduce memory usage. Loaded Objects now: 3297.
Total: 3.060300 ms (FindLiveObjects: 0.301400 ms CreateObjectMapping: 0.128300 ms MarkObjects: 2.603500 ms  DeleteObjects: 0.024900 ms)

AssetImportParameters requested are different than current active one (requested -> active):
  custom:framework-win-MediaFoundation: 216162199b28c13a410421893ffa2e32 -> 
  custom:video-decoder-ogg-theora: a1e56fd34408186e4bbccfd4996cb3dc -> 
  custom:container-muxer-webm: aa71ff27fc2769a1b78a27578f13a17b -> 
  custom:container-demuxer-webm: 4f35f7cbe854078d1ac9338744f61a02 -> 
  custom:container-demuxer-ogg: 62fdf1f143b41e24485cea50d1cbac27 -> 
  custom:video-encoder-webm-vp8: eb34c28f22e8b96e1ab97ce403110664 -> 
  custom:video-decoder-webm-vp8: 9c59270c3fd7afecdb556c50c9e8de78 -> 
  custom:audio-decoder-ogg-vorbis: bf7c407c2cedff20999df2af8eb42d56 -> 
  custom:audio-encoder-webm-vorbis: bf7c407c2cedff20999df2af8eb42d56 -> 
========================================================================
Received Prepare
Registering precompiled user dll's ...
Registered in 0.009451 seconds.
Begin MonoManager ReloadAssembly
Native extension for WindowsStandalone target not found
Refreshing native plugins compatible for Editor in 0.64 ms, found 2 plugins.
Preloading 0 native plugins for Editor in 0.00 ms.
Mono: successfully reloaded assembly
- Completed reload, in  1.350 seconds
Platform modules already initialized, skipping
Shader 'Universal Render Pipeline/Particles/Lit': fallback shader 'Universal Render Pipeline/Particles/SimpleLit' not found
Refreshing native plugins compatible for Editor in 0.67 ms, found 2 plugins.
Preloading 0 native plugins for Editor in 0.00 ms.
Unloading 2591 Unused Serialized files (Serialized files now loaded: 0)
System memory in use before: 122.4 MB.
System memory in use after: 122.7 MB.

Unloading 14 unused Assets to reduce memory usage. Loaded Objects now: 3300.
Total: 2.755000 ms (FindLiveObjects: 0.307400 ms CreateObjectMapping: 0.159900 ms MarkObjects: 2.248100 ms  DeleteObjects: 0.038000 ms)

AssetImportParameters requested are different than current active one (requested -> active):
  custom:framework-win-MediaFoundation: 216162199b28c13a410421893ffa2e32 -> 
  custom:video-decoder-ogg-theora: a1e56fd34408186e4bbccfd4996cb3dc -> 
  custom:container-muxer-webm: aa71ff27fc2769a1b78a27578f13a17b -> 
  custom:container-demuxer-webm: 4f35f7cbe854078d1ac9338744f61a02 -> 
  custom:container-demuxer-ogg: 62fdf1f143b41e24485cea50d1cbac27 -> 
  custom:video-encoder-webm-vp8: eb34c28f22e8b96e1ab97ce403110664 -> 
  custom:video-decoder-webm-vp8: 9c59270c3fd7afecdb556c50c9e8de78 -> 
  custom:audio-decoder-ogg-vorbis: bf7c407c2cedff20999df2af8eb42d56 -> 
  custom:audio-encoder-webm-vorbis: bf7c407c2cedff20999df2af8eb42d56 -> 
========================================================================
Received Prepare
Registering precompiled user dll's ...
Registered in 0.008967 seconds.
Begin MonoManager ReloadAssembly
Native extension for WindowsStandalone target not found
Refreshing native plugins compatible for Editor in 0.63 ms, found 2 plugins.
Preloading 0 native plugins for Editor in 0.00 ms.
Mono: successfully reloaded assembly
- Completed reload, in  1.369 seconds
Platform modules already initialized, skipping
Shader 'Universal Render Pipeline/Particles/Lit': fallback shader 'Universal Render Pipeline/Particles/SimpleLit' not found
Refreshing native plugins compatible for Editor in 0.63 ms, found 2 plugins.
Preloading 0 native plugins for Editor in 0.00 ms.
Unloading 2591 Unused Serialized files (Serialized files now loaded: 0)
System memory in use before: 122.4 MB.
System memory in use after: 122.7 MB.

Unloading 14 unused Assets to reduce memory usage. Loaded Objects now: 3303.
Total: 2.750000 ms (FindLiveObjects: 0.274900 ms CreateObjectMapping: 0.127900 ms MarkObjects: 2.307600 ms  DeleteObjects: 0.038100 ms)

AssetImportParameters requested are different than current active one (requested -> active):
  custom:framework-win-MediaFoundation: 216162199b28c13a410421893ffa2e32 -> 
  custom:video-decoder-ogg-theora: a1e56fd34408186e4bbccfd4996cb3dc -> 
  custom:container-muxer-webm: aa71ff27fc2769a1b78a27578f13a17b -> 
  custom:container-demuxer-webm: 4f35f7cbe854078d1ac9338744f61a02 -> 
  custom:container-demuxer-ogg: 62fdf1f143b41e24485cea50d1cbac27 -> 
  custom:video-encoder-webm-vp8: eb34c28f22e8b96e1ab97ce403110664 -> 
  custom:video-decoder-webm-vp8: 9c59270c3fd7afecdb556c50c9e8de78 -> 
  custom:audio-decoder-ogg-vorbis: bf7c407c2cedff20999df2af8eb42d56 -> 
  custom:audio-encoder-webm-vorbis: bf7c407c2cedff20999df2af8eb42d56 -> 
========================================================================
Received Import Request.
  Time since last request: 4185.117740 seconds.
  path: Assets/Prefabs
  artifactKey: Guid(bd63ff2d73d164c499765b4d678236c9) Importer(815301076,1909f56bfc062723c751e8b465ee728b)
Start importing Assets/Prefabs using Guid(bd63ff2d73d164c499765b4d678236c9) Importer(815301076,1909f56bfc062723c751e8b465ee728b)  -> (artifact id: 'c2aba940db7c0d31281d2021ad7d7696') in 0.017955 seconds 
  Import took 0.023977 seconds .

